2020-01-28 13:50:26.875  INFO 15648 --- [main] c.m.e.j.EurekaServerApplicationTests     : No active profile set, falling back to default profiles: default
2020-01-28 13:50:26.891  INFO 15648 --- [main] o.s.w.c.s.GenericWebApplicationContext   : Refreshing org.springframework.web.context.support.GenericWebApplicationContext@12dc9d2: startup date [Tue Jan 28 13:50:26 IST 2020]; parent: org.springframework.context.annotation.AnnotationConfigApplicationContext@19d6c7b
2020-01-28 13:50:28.664  INFO 15648 --- [main] o.s.c.c.s.GenericScope                   : BeanFactory id=d5e64bc4-fd44-353c-88c5-3d14672bb824
2020-01-28 13:50:28.750  INFO 15648 --- [main] f.a.AutowiredAnnotationBeanPostProcessor : JSR-330 'javax.inject.Inject' annotation found and supported for autowiring
2020-01-28 13:50:28.920  INFO 15648 --- [main] trationDelegate$BeanPostProcessorChecker : Bean 'org.springframework.cloud.autoconfigure.ConfigurationPropertiesRebinderAutoConfiguration' of type [org.springframework.cloud.autoconfigure.ConfigurationPropertiesRebinderAutoConfiguration$$EnhancerBySpringCGLIB$$890e66fc] is not eligible for getting processed by all BeanPostProcessors (for example: not eligible for auto-proxying)
2020-01-28 13:50:29.422  WARN 15648 --- [main] o.s.c.n.a.ArchaiusAutoConfiguration      : No spring.application.name found, defaulting to 'application'
2020-01-28 13:50:29.433  WARN 15648 --- [main] c.n.c.s.URLConfigurationSource           : No URLs will be polled as dynamic configuration sources.
2020-01-28 13:50:29.433  INFO 15648 --- [main] c.n.c.s.URLConfigurationSource           : To enable URLs as dynamic configuration sources, define System property archaius.configurationSource.additionalUrls or make config.properties available on classpath.
2020-01-28 13:50:29.445  WARN 15648 --- [main] c.n.c.s.URLConfigurationSource           : No URLs will be polled as dynamic configuration sources.
2020-01-28 13:50:29.446  INFO 15648 --- [main] c.n.c.s.URLConfigurationSource           : To enable URLs as dynamic configuration sources, define System property archaius.configurationSource.additionalUrls or make config.properties available on classpath.
2020-01-28 13:50:29.610  INFO 15648 --- [main] o.s.w.s.h.SimpleUrlHandlerMapping        : Mapped URL path [/**/favicon.ico] onto handler of type [class org.springframework.web.servlet.resource.ResourceHttpRequestHandler]
2020-01-28 13:50:30.010  INFO 15648 --- [main] s.w.s.m.m.a.RequestMappingHandlerAdapter : Looking for @ControllerAdvice: org.springframework.web.context.support.GenericWebApplicationContext@12dc9d2: startup date [Tue Jan 28 13:50:26 IST 2020]; parent: org.springframework.context.annotation.AnnotationConfigApplicationContext@19d6c7b
2020-01-28 13:50:30.119  INFO 15648 --- [main] s.w.s.m.m.a.RequestMappingHandlerMapping : Mapped "{[/error]}" onto public org.springframework.http.ResponseEntity<java.util.Map<java.lang.String, java.lang.Object>> org.springframework.boot.autoconfigure.web.servlet.error.BasicErrorController.error(javax.servlet.http.HttpServletRequest)
2020-01-28 13:50:30.121  INFO 15648 --- [main] s.w.s.m.m.a.RequestMappingHandlerMapping : Mapped "{[/error],produces=[text/html]}" onto public org.springframework.web.servlet.ModelAndView org.springframework.boot.autoconfigure.web.servlet.error.BasicErrorController.errorHtml(javax.servlet.http.HttpServletRequest,javax.servlet.http.HttpServletResponse)
2020-01-28 13:50:30.131  INFO 15648 --- [main] s.w.s.m.m.a.RequestMappingHandlerMapping : Mapped "{[/],methods=[GET]}" onto public java.lang.String org.springframework.cloud.netflix.eureka.server.EurekaController.status(javax.servlet.http.HttpServletRequest,java.util.Map<java.lang.String, java.lang.Object>)
2020-01-28 13:50:30.132  INFO 15648 --- [main] s.w.s.m.m.a.RequestMappingHandlerMapping : Mapped "{[/lastn],methods=[GET]}" onto public java.lang.String org.springframework.cloud.netflix.eureka.server.EurekaController.lastn(javax.servlet.http.HttpServletRequest,java.util.Map<java.lang.String, java.lang.Object>)
2020-01-28 13:50:30.180  INFO 15648 --- [main] o.s.w.s.h.SimpleUrlHandlerMapping        : Mapped URL path [/webjars/**] onto handler of type [class org.springframework.web.servlet.resource.ResourceHttpRequestHandler]
2020-01-28 13:50:30.180  INFO 15648 --- [main] o.s.w.s.h.SimpleUrlHandlerMapping        : Mapped URL path [/**] onto handler of type [class org.springframework.web.servlet.resource.ResourceHttpRequestHandler]
2020-01-28 13:50:32.042  INFO 15648 --- [main] o.s.c.c.u.InetUtils                      : Cannot determine local hostname
2020-01-28 13:50:33.812  INFO 15648 --- [main] o.s.c.c.u.InetUtils                      : Cannot determine local hostname
2020-01-28 13:50:35.019  INFO 15648 --- [main] o.s.u.f.SpringTemplateLoader             : SpringTemplateLoader for FreeMarker: using resource loader [org.springframework.web.context.support.GenericWebApplicationContext@12dc9d2: startup date [Tue Jan 28 13:50:26 IST 2020]; parent: org.springframework.context.annotation.AnnotationConfigApplicationContext@19d6c7b] and template loader path [classpath:/templates/]
2020-01-28 13:50:35.021  INFO 15648 --- [main] o.s.w.s.v.f.FreeMarkerConfigurer         : ClassTemplateLoader for Spring macros added to FreeMarker configuration
2020-01-28 13:50:35.814  INFO 15648 --- [main] o.s.c.n.e.InstanceInfoFactory            : Setting initial instance status as: STARTING
2020-01-28 13:50:36.295  INFO 15648 --- [main] o.s.b.a.e.w.EndpointLinksResolver        : Exposing 2 endpoint(s) beneath base path '/actuator'
2020-01-28 13:50:36.316  INFO 15648 --- [main] s.b.a.e.w.s.WebMvcEndpointHandlerMapping : Mapped "{[/actuator/health],methods=[GET],produces=[application/vnd.spring-boot.actuator.v2+json || application/json]}" onto public java.lang.Object org.springframework.boot.actuate.endpoint.web.servlet.AbstractWebMvcEndpointHandlerMapping$OperationHandler.handle(javax.servlet.http.HttpServletRequest,java.util.Map<java.lang.String, java.lang.String>)
2020-01-28 13:50:36.317  INFO 15648 --- [main] s.b.a.e.w.s.WebMvcEndpointHandlerMapping : Mapped "{[/actuator/info],methods=[GET],produces=[application/vnd.spring-boot.actuator.v2+json || application/json]}" onto public java.lang.Object org.springframework.boot.actuate.endpoint.web.servlet.AbstractWebMvcEndpointHandlerMapping$OperationHandler.handle(javax.servlet.http.HttpServletRequest,java.util.Map<java.lang.String, java.lang.String>)
2020-01-28 13:50:36.319  INFO 15648 --- [main] s.b.a.e.w.s.WebMvcEndpointHandlerMapping : Mapped "{[/actuator],methods=[GET],produces=[application/vnd.spring-boot.actuator.v2+json || application/json]}" onto protected java.util.Map<java.lang.String, java.util.Map<java.lang.String, org.springframework.boot.actuate.endpoint.web.Link>> org.springframework.boot.actuate.endpoint.web.servlet.WebMvcEndpointHandlerMapping.links(javax.servlet.http.HttpServletRequest,javax.servlet.http.HttpServletResponse)
2020-01-28 13:50:36.408  INFO 15648 --- [main] o.s.c.s.DefaultLifecycleProcessor        : Starting beans in phase 0
2020-01-28 13:50:36.417  INFO 15648 --- [Thread-12] o.s.c.n.e.s.EurekaServerBootstrap        : Setting the eureka configuration..
2020-01-28 13:50:36.419  INFO 15648 --- [Thread-12] o.s.c.n.e.s.EurekaServerBootstrap        : Eureka data center value eureka.datacenter is not set, defaulting to default
2020-01-28 13:50:36.420  INFO 15648 --- [Thread-12] o.s.c.n.e.s.EurekaServerBootstrap        : Eureka environment value eureka.environment is not set, defaulting to test
2020-01-28 13:50:36.437  INFO 15648 --- [main] c.m.e.j.EurekaServerApplicationTests     : Started EurekaServerApplicationTests in 15.598 seconds (JVM running for 18.697)
2020-01-28 13:50:36.440  INFO 15648 --- [Thread-12] o.s.c.n.e.s.EurekaServerBootstrap        : isAws returned false
2020-01-28 13:50:36.441  INFO 15648 --- [Thread-12] o.s.c.n.e.s.EurekaServerBootstrap        : Initialized server context
2020-01-28 13:50:36.458  INFO 15648 --- [Thread-12] e.s.EurekaServerInitializerConfiguration : Started Eureka Server
2020-01-28 13:50:36.665  INFO 15648 --- [Thread-13] o.s.w.c.s.GenericWebApplicationContext   : Closing org.springframework.web.context.support.GenericWebApplicationContext@12dc9d2: startup date [Tue Jan 28 13:50:26 IST 2020]; parent: org.springframework.context.annotation.AnnotationConfigApplicationContext@19d6c7b
2020-01-28 13:50:36.667  INFO 15648 --- [Thread-13] o.s.c.n.e.s.EurekaServiceRegistry        : Unregistering application unknown with eureka with status DOWN
2020-01-28 13:50:36.672  INFO 15648 --- [Thread-13] o.s.c.s.DefaultLifecycleProcessor        : Stopping beans in phase 0
